#! /usr/bin/vvp
:ivl_version "10.2 (stable)";
:ivl_delay_selection "TYPICAL";
:vpi_time_precision + 0;
:vpi_module "system";
:vpi_module "vhdl_sys";
:vpi_module "v2005_math";
:vpi_module "va_math";
S_0x55ee3b059460 .scope module, "receiver_tb" "receiver_tb" 2 4;
 .timescale 0 0;
v0x55ee3b081d40_0 .var "RXD", 0 0;
v0x55ee3b081e00_0 .var "clk", 0 0;
v0x55ee3b081ea0_0 .var "reset", 0 0;
S_0x55ee3b0595e0 .scope module, "r1" "receiver" 2 7, 3 1 0, S_0x55ee3b059460;
 .timescale 0 0;
    .port_info 0 /INPUT 1 "RXD"
    .port_info 1 /INPUT 1 "clk"
    .port_info 2 /INPUT 1 "reset"
    .port_info 3 /OUTPUT 8 "rx_data"
    .port_info 4 /OUTPUT 1 "rx_busy"
P_0x55ee3b05e320 .param/l "reading" 0 3 9, C4<1>;
P_0x55ee3b05e360 .param/l "waiting" 0 3 8, C4<0>;
L_0x55ee3b055bf0 .functor BUFZ 1, v0x55ee3b081be0_0, C4<0>, C4<0>, C4<0>;
L_0x55ee3b055ae0 .functor BUFZ 8, v0x55ee3b0816d0_0, C4<00000000>, C4<00000000>, C4<00000000>;
v0x55ee3b020180_0 .net "RXD", 0 0, v0x55ee3b081d40_0;  1 drivers
v0x55ee3b0816d0_0 .var "buffer", 0 7;
v0x55ee3b0817b0_0 .net "clk", 0 0, v0x55ee3b081e00_0;  1 drivers
v0x55ee3b081850_0 .var/i "count", 31 0;
v0x55ee3b081930_0 .net "reset", 0 0, v0x55ee3b081ea0_0;  1 drivers
v0x55ee3b081a40_0 .net "rx_busy", 0 0, L_0x55ee3b055bf0;  1 drivers
v0x55ee3b081b00_0 .net "rx_data", 0 7, L_0x55ee3b055ae0;  1 drivers
v0x55ee3b081be0_0 .var "status", 0 0;
E_0x55ee3b055600 .event posedge, v0x55ee3b0817b0_0;
    .scope S_0x55ee3b0595e0;
T_0 ;
    %pushi/vec4 0, 0, 8;
    %store/vec4 v0x55ee3b0816d0_0, 0, 8;
    %pushi/vec4 0, 0, 1;
    %store/vec4 v0x55ee3b081be0_0, 0, 1;
    %pushi/vec4 0, 0, 32;
    %store/vec4 v0x55ee3b081850_0, 0, 32;
    %end;
    .thread T_0;
    .scope S_0x55ee3b0595e0;
T_1 ;
    %wait E_0x55ee3b055600;
    %load/vec4 v0x55ee3b081930_0;
    %flag_set/vec4 8;
    %jmp/0xz  T_1.0, 8;
    %pushi/vec4 0, 0, 8;
    %store/vec4 v0x55ee3b0816d0_0, 0, 8;
    %pushi/vec4 0, 0, 1;
    %store/vec4 v0x55ee3b081be0_0, 0, 1;
    %jmp T_1.1;
T_1.0 ;
    %load/vec4 v0x55ee3b081be0_0;
    %cmpi/e 0, 0, 1;
    %jmp/0xz  T_1.2, 4;
    %load/vec4 v0x55ee3b020180_0;
    %nor/r;
    %flag_set/vec4 8;
    %jmp/0xz  T_1.4, 8;
    %pushi/vec4 1, 0, 1;
    %store/vec4 v0x55ee3b081be0_0, 0, 1;
    %pushi/vec4 0, 0, 32;
    %store/vec4 v0x55ee3b081850_0, 0, 32;
T_1.4 ;
    %jmp T_1.3;
T_1.2 ;
    %load/vec4 v0x55ee3b081850_0;
    %cmpi/s 8, 0, 32;
    %jmp/0xz  T_1.6, 5;
    %load/vec4 v0x55ee3b020180_0;
    %pushi/vec4 7, 0, 34;
    %load/vec4 v0x55ee3b081850_0;
    %pad/s 34;
    %sub;
    %ix/vec4/s 4;
    %store/vec4 v0x55ee3b0816d0_0, 4, 1;
    %load/vec4 v0x55ee3b081850_0;
    %pushi/vec4 1, 0, 32;
    %add;
    %store/vec4 v0x55ee3b081850_0, 0, 32;
    %jmp T_1.7;
T_1.6 ;
    %pushi/vec4 0, 0, 1;
    %store/vec4 v0x55ee3b081be0_0, 0, 1;
T_1.7 ;
T_1.3 ;
T_1.1 ;
    %jmp T_1;
    .thread T_1;
    .scope S_0x55ee3b059460;
T_2 ;
    %vpi_call 2 15 "$dumpfile", "receiver_tb.vcd" {0 0 0};
    %vpi_call 2 16 "$dumpvars", 32'sb00000000000000000000000000000000, S_0x55ee3b059460 {0 0 0};
    %pushi/vec4 0, 0, 1;
    %store/vec4 v0x55ee3b081e00_0, 0, 1;
    %pushi/vec4 1, 0, 1;
    %store/vec4 v0x55ee3b081d40_0, 0, 1;
    %delay 20, 0;
    %pushi/vec4 0, 0, 1;
    %store/vec4 v0x55ee3b081d40_0, 0, 1;
    %delay 20, 0;
    %pushi/vec4 0, 0, 1;
    %store/vec4 v0x55ee3b081d40_0, 0, 1;
    %delay 20, 0;
    %pushi/vec4 1, 0, 1;
    %store/vec4 v0x55ee3b081d40_0, 0, 1;
    %delay 20, 0;
    %pushi/vec4 0, 0, 1;
    %store/vec4 v0x55ee3b081d40_0, 0, 1;
    %delay 20, 0;
    %pushi/vec4 1, 0, 1;
    %store/vec4 v0x55ee3b081d40_0, 0, 1;
    %delay 20, 0;
    %pushi/vec4 0, 0, 1;
    %store/vec4 v0x55ee3b081d40_0, 0, 1;
    %delay 20, 0;
    %pushi/vec4 1, 0, 1;
    %store/vec4 v0x55ee3b081d40_0, 0, 1;
    %delay 20, 0;
    %pushi/vec4 0, 0, 1;
    %store/vec4 v0x55ee3b081d40_0, 0, 1;
    %delay 20, 0;
    %pushi/vec4 1, 0, 1;
    %store/vec4 v0x55ee3b081d40_0, 0, 1;
    %delay 20, 0;
    %pushi/vec4 1, 0, 1;
    %store/vec4 v0x55ee3b081d40_0, 0, 1;
    %delay 200, 0;
    %vpi_call 2 37 "$finish" {0 0 0};
    %end;
    .thread T_2;
    .scope S_0x55ee3b059460;
T_3 ;
    %delay 10, 0;
    %load/vec4 v0x55ee3b081e00_0;
    %nor/r;
    %store/vec4 v0x55ee3b081e00_0, 0, 1;
    %jmp T_3;
    .thread T_3;
# The file index is used to find the file name in the following table.
:file_names 4;
    "N/A";
    "<interactive>";
    "receiver_tb.v";
    "./receiver.v";
